Determining if the pthread_create exist failed with the following output:
Change Dir: /home/pharos-main/i30_ws/src/pharos/pharos_obstacle_mapping/cmake-build-debug/CMakeFiles/CMakeTmp

Run Build Command:"/usr/bin/make" "cmTC_663f6/fast"
/usr/bin/make -f CMakeFiles/cmTC_663f6.dir/build.make CMakeFiles/cmTC_663f6.dir/build
make[1]: Entering directory '/home/pharos-main/i30_ws/src/pharos/pharos_obstacle_mapping/cmake-build-debug/CMakeFiles/CMakeTmp'
Building C object CMakeFiles/cmTC_663f6.dir/CheckSymbolExists.c.o
/usr/bin/cc    -o CMakeFiles/cmTC_663f6.dir/CheckSymbolExists.c.o   -c /home/pharos-main/i30_ws/src/pharos/pharos_obstacle_mapping/cmake-build-debug/CMakeFiles/CMakeTmp/CheckSymbolExists.c
Linking C executable cmTC_663f6
/home/pharos-main/clion-2018.3.2/bin/cmake/linux/bin/cmake -E cmake_link_script CMakeFiles/cmTC_663f6.dir/link.txt --verbose=1
/usr/bin/cc      -rdynamic CMakeFiles/cmTC_663f6.dir/CheckSymbolExists.c.o  -o cmTC_663f6 
CMakeFiles/cmTC_663f6.dir/CheckSymbolExists.c.o: In function `main':
CheckSymbolExists.c:(.text+0x16): undefined reference to `pthread_create'
collect2: error: ld returned 1 exit status
CMakeFiles/cmTC_663f6.dir/build.make:86: recipe for target 'cmTC_663f6' failed
make[1]: *** [cmTC_663f6] Error 1
make[1]: Leaving directory '/home/pharos-main/i30_ws/src/pharos/pharos_obstacle_mapping/cmake-build-debug/CMakeFiles/CMakeTmp'
Makefile:121: recipe for target 'cmTC_663f6/fast' failed
make: *** [cmTC_663f6/fast] Error 2

File /home/pharos-main/i30_ws/src/pharos/pharos_obstacle_mapping/cmake-build-debug/CMakeFiles/CMakeTmp/CheckSymbolExists.c:
/* */
#include <pthread.h>

int main(int argc, char** argv)
{
  (void)argv;
#ifndef pthread_create
  return ((int*)(&pthread_create))[argc];
#else
  (void)argc;
  return 0;
#endif
}

Determining if the function pthread_create exists in the pthreads failed with the following output:
Change Dir: /home/pharos-main/i30_ws/src/pharos/pharos_obstacle_mapping/cmake-build-debug/CMakeFiles/CMakeTmp

Run Build Command:"/usr/bin/make" "cmTC_85e46/fast"
/usr/bin/make -f CMakeFiles/cmTC_85e46.dir/build.make CMakeFiles/cmTC_85e46.dir/build
make[1]: Entering directory '/home/pharos-main/i30_ws/src/pharos/pharos_obstacle_mapping/cmake-build-debug/CMakeFiles/CMakeTmp'
Building C object CMakeFiles/cmTC_85e46.dir/CheckFunctionExists.c.o
/usr/bin/cc   -DCHECK_FUNCTION_EXISTS=pthread_create   -o CMakeFiles/cmTC_85e46.dir/CheckFunctionExists.c.o   -c /home/pharos-main/clion-2018.3.2/bin/cmake/linux/share/cmake-3.13/Modules/CheckFunctionExists.c
Linking C executable cmTC_85e46
/home/pharos-main/clion-2018.3.2/bin/cmake/linux/bin/cmake -E cmake_link_script CMakeFiles/cmTC_85e46.dir/link.txt --verbose=1
/usr/bin/cc  -DCHECK_FUNCTION_EXISTS=pthread_create    -rdynamic CMakeFiles/cmTC_85e46.dir/CheckFunctionExists.c.o  -o cmTC_85e46 -lpthreads 
/usr/bin/ld: cannot find -lpthreads
collect2: error: ld returned 1 exit status
CMakeFiles/cmTC_85e46.dir/build.make:86: recipe for target 'cmTC_85e46' failed
make[1]: *** [cmTC_85e46] Error 1
make[1]: Leaving directory '/home/pharos-main/i30_ws/src/pharos/pharos_obstacle_mapping/cmake-build-debug/CMakeFiles/CMakeTmp'
Makefile:121: recipe for target 'cmTC_85e46/fast' failed
make: *** [cmTC_85e46/fast] Error 2


