Determining if the pthread_create exist failed with the following output:
Change Dir: /home/pharos-main/i30_ws/src/pharos/pharos_vehicle/cmake-build-debug/CMakeFiles/CMakeTmp

Run Build Command:"/usr/bin/make" "cmTC_45ff9/fast"
/usr/bin/make -f CMakeFiles/cmTC_45ff9.dir/build.make CMakeFiles/cmTC_45ff9.dir/build
make[1]: Entering directory '/home/pharos-main/i30_ws/src/pharos/pharos_vehicle/cmake-build-debug/CMakeFiles/CMakeTmp'
Building C object CMakeFiles/cmTC_45ff9.dir/CheckSymbolExists.c.o
/usr/bin/cc    -o CMakeFiles/cmTC_45ff9.dir/CheckSymbolExists.c.o   -c /home/pharos-main/i30_ws/src/pharos/pharos_vehicle/cmake-build-debug/CMakeFiles/CMakeTmp/CheckSymbolExists.c
Linking C executable cmTC_45ff9
/home/pharos-main/clion-2018.3.2/bin/cmake/linux/bin/cmake -E cmake_link_script CMakeFiles/cmTC_45ff9.dir/link.txt --verbose=1
/usr/bin/cc      -rdynamic CMakeFiles/cmTC_45ff9.dir/CheckSymbolExists.c.o  -o cmTC_45ff9 
CMakeFiles/cmTC_45ff9.dir/CheckSymbolExists.c.o: In function `main':
CheckSymbolExists.c:(.text+0x16): undefined reference to `pthread_create'
collect2: error: ld returned 1 exit status
CMakeFiles/cmTC_45ff9.dir/build.make:86: recipe for target 'cmTC_45ff9' failed
make[1]: *** [cmTC_45ff9] Error 1
make[1]: Leaving directory '/home/pharos-main/i30_ws/src/pharos/pharos_vehicle/cmake-build-debug/CMakeFiles/CMakeTmp'
Makefile:121: recipe for target 'cmTC_45ff9/fast' failed
make: *** [cmTC_45ff9/fast] Error 2

File /home/pharos-main/i30_ws/src/pharos/pharos_vehicle/cmake-build-debug/CMakeFiles/CMakeTmp/CheckSymbolExists.c:
/* */
#include <pthread.h>

int main(int argc, char** argv)
{
  (void)argv;
#ifndef pthread_create
  return ((int*)(&pthread_create))[argc];
#else
  (void)argc;
  return 0;
#endif
}

Determining if the function pthread_create exists in the pthreads failed with the following output:
Change Dir: /home/pharos-main/i30_ws/src/pharos/pharos_vehicle/cmake-build-debug/CMakeFiles/CMakeTmp

Run Build Command:"/usr/bin/make" "cmTC_864eb/fast"
/usr/bin/make -f CMakeFiles/cmTC_864eb.dir/build.make CMakeFiles/cmTC_864eb.dir/build
make[1]: Entering directory '/home/pharos-main/i30_ws/src/pharos/pharos_vehicle/cmake-build-debug/CMakeFiles/CMakeTmp'
Building C object CMakeFiles/cmTC_864eb.dir/CheckFunctionExists.c.o
/usr/bin/cc   -DCHECK_FUNCTION_EXISTS=pthread_create   -o CMakeFiles/cmTC_864eb.dir/CheckFunctionExists.c.o   -c /home/pharos-main/clion-2018.3.2/bin/cmake/linux/share/cmake-3.13/Modules/CheckFunctionExists.c
Linking C executable cmTC_864eb
/home/pharos-main/clion-2018.3.2/bin/cmake/linux/bin/cmake -E cmake_link_script CMakeFiles/cmTC_864eb.dir/link.txt --verbose=1
/usr/bin/cc  -DCHECK_FUNCTION_EXISTS=pthread_create    -rdynamic CMakeFiles/cmTC_864eb.dir/CheckFunctionExists.c.o  -o cmTC_864eb -lpthreads 
/usr/bin/ld: cannot find -lpthreads
collect2: error: ld returned 1 exit status
CMakeFiles/cmTC_864eb.dir/build.make:86: recipe for target 'cmTC_864eb' failed
make[1]: *** [cmTC_864eb] Error 1
make[1]: Leaving directory '/home/pharos-main/i30_ws/src/pharos/pharos_vehicle/cmake-build-debug/CMakeFiles/CMakeTmp'
Makefile:121: recipe for target 'cmTC_864eb/fast' failed
make: *** [cmTC_864eb/fast] Error 2


