Determining if the pthread_create exist failed with the following output:
Change Dir: /home/choi/i30_ws/src/pharos/pharos_tracking/cmake-build-debug/CMakeFiles/CMakeTmp

Run Build Command(s):/usr/bin/make cmTC_74a6f/fast 
/usr/bin/make -f CMakeFiles/cmTC_74a6f.dir/build.make CMakeFiles/cmTC_74a6f.dir/build
make[1]: Entering directory '/home/choi/i30_ws/src/pharos/pharos_tracking/cmake-build-debug/CMakeFiles/CMakeTmp'
Building C object CMakeFiles/cmTC_74a6f.dir/CheckSymbolExists.c.o
/usr/bin/cc    -o CMakeFiles/cmTC_74a6f.dir/CheckSymbolExists.c.o   -c /home/choi/i30_ws/src/pharos/pharos_tracking/cmake-build-debug/CMakeFiles/CMakeTmp/CheckSymbolExists.c
Linking C executable cmTC_74a6f
/home/choi/clion-2019.1.4/bin/cmake/linux/bin/cmake -E cmake_link_script CMakeFiles/cmTC_74a6f.dir/link.txt --verbose=1
/usr/bin/cc      -rdynamic CMakeFiles/cmTC_74a6f.dir/CheckSymbolExists.c.o  -o cmTC_74a6f 
CMakeFiles/cmTC_74a6f.dir/CheckSymbolExists.c.o: In function `main':
CheckSymbolExists.c:(.text+0x16): undefined reference to `pthread_create'
collect2: error: ld returned 1 exit status
CMakeFiles/cmTC_74a6f.dir/build.make:86: recipe for target 'cmTC_74a6f' failed
make[1]: *** [cmTC_74a6f] Error 1
make[1]: Leaving directory '/home/choi/i30_ws/src/pharos/pharos_tracking/cmake-build-debug/CMakeFiles/CMakeTmp'
Makefile:121: recipe for target 'cmTC_74a6f/fast' failed
make: *** [cmTC_74a6f/fast] Error 2

File /home/choi/i30_ws/src/pharos/pharos_tracking/cmake-build-debug/CMakeFiles/CMakeTmp/CheckSymbolExists.c:
/* */
#include <pthread.h>

int main(int argc, char** argv)
{
  (void)argv;
#ifndef pthread_create
  return ((int*)(&pthread_create))[argc];
#else
  (void)argc;
  return 0;
#endif
}

Determining if the function pthread_create exists in the pthreads failed with the following output:
Change Dir: /home/choi/i30_ws/src/pharos/pharos_tracking/cmake-build-debug/CMakeFiles/CMakeTmp

Run Build Command(s):/usr/bin/make cmTC_e410d/fast 
/usr/bin/make -f CMakeFiles/cmTC_e410d.dir/build.make CMakeFiles/cmTC_e410d.dir/build
make[1]: Entering directory '/home/choi/i30_ws/src/pharos/pharos_tracking/cmake-build-debug/CMakeFiles/CMakeTmp'
Building C object CMakeFiles/cmTC_e410d.dir/CheckFunctionExists.c.o
/usr/bin/cc   -DCHECK_FUNCTION_EXISTS=pthread_create   -o CMakeFiles/cmTC_e410d.dir/CheckFunctionExists.c.o   -c /home/choi/clion-2019.1.4/bin/cmake/linux/share/cmake-3.14/Modules/CheckFunctionExists.c
Linking C executable cmTC_e410d
/home/choi/clion-2019.1.4/bin/cmake/linux/bin/cmake -E cmake_link_script CMakeFiles/cmTC_e410d.dir/link.txt --verbose=1
/usr/bin/cc  -DCHECK_FUNCTION_EXISTS=pthread_create    -rdynamic CMakeFiles/cmTC_e410d.dir/CheckFunctionExists.c.o  -o cmTC_e410d -lpthreads 
/usr/bin/ld: cannot find -lpthreads
collect2: error: ld returned 1 exit status
CMakeFiles/cmTC_e410d.dir/build.make:86: recipe for target 'cmTC_e410d' failed
make[1]: *** [cmTC_e410d] Error 1
make[1]: Leaving directory '/home/choi/i30_ws/src/pharos/pharos_tracking/cmake-build-debug/CMakeFiles/CMakeTmp'
Makefile:121: recipe for target 'cmTC_e410d/fast' failed
make: *** [cmTC_e410d/fast] Error 2


